Arguments: 
  C:\Program Files\nodejs\node.exe C:\Users\bossg\AppData\Roaming\npm\node_modules\yarn\bin\yarn.js add dotend ejs express express-ejs-layouts express-flash-messages express-session method-override

PATH: 
  C:\Program Files\Common Files\Oracle\Java\javapath;C:\Windows\System32\HWAudioDriverLibs;C:\Windows\system32;C:\Windows;C:\Windows\System32\Wbem;C:\Windows\System32\WindowsPowerShell\v1.0\;C:\Windows\System32\OpenSSH\;C:\ProgramData\chocolatey\bin;C:\Python311;C:\Python311\Scripts;D:\Git\cmd;C:\Windows\system32\config\systemprofile\AppData\Local\Microsoft\WindowsApps;D:\Database\SQLITE\sqlite;D:\ML\bin\;C:\Program Files\MySQL\MySQL Server 8.0\bin\mysql.exe;C:\Program Files\MySQL\MySQL Server 8.0\bin;C:\Program Files\Java\jdk-20\bin;;C:\WINDOWS\system32;C:\WINDOWS;C:\WINDOWS\System32\Wbem;C:\WINDOWS\System32\WindowsPowerShell\v1.0\;C:\WINDOWS\System32\OpenSSH\;C:\Program Files\Docker\Docker\resources\bin;C:\Program Files\nodejs\;C:\Program Files\MySQL\MySQL Shell 8.0\bin\;C:\Users\bossg\AppData\Local\Programs\Python\Python311\Scripts\;C:\Users\bossg\AppData\Local\Programs\Python\Python311\;C:\Users\bossg\AppData\Local\Microsoft\WindowsApps;D:\Microsoft VS Code\bin;C:\Users\bossg\AppData\Local\Programs\Python\Python311\Scripts;C:\Users\bossg\Downloads\mongosh-1.10.2-win32-x64(1)\mongosh-1.10.2-win32-x64\bin;C:\Users\bossg\AppData\Roaming\npm

Yarn version: 
  1.22.19

Node version: 
  18.17.0

Platform: 
  win32 x64

Trace: 
  Error: https://registry.npmjs.org/dotend: Not found
      at params.callback [as _callback] (C:\Users\bossg\AppData\Roaming\npm\node_modules\yarn\lib\cli.js:66145:18)
      at self.callback (C:\Users\bossg\AppData\Roaming\npm\node_modules\yarn\lib\cli.js:140890:22)
      at Request.emit (node:events:514:28)
      at Request.<anonymous> (C:\Users\bossg\AppData\Roaming\npm\node_modules\yarn\lib\cli.js:141862:10)
      at Request.emit (node:events:514:28)
      at IncomingMessage.<anonymous> (C:\Users\bossg\AppData\Roaming\npm\node_modules\yarn\lib\cli.js:141784:12)
      at Object.onceWrapper (node:events:628:28)
      at IncomingMessage.emit (node:events:526:35)
      at endReadableNT (node:internal/streams/readable:1359:12)
      at process.processTicksAndRejections (node:internal/process/task_queues:82:21)

npm manifest: 
  {
    "name": "nodejs_user_management_system",
    "version": "1.0.0",
    "description": "NodeJs_User_Management_System",
    "main": "index.js",
    "scripts": {
      "test": "echo \"Error: no test specified\" && exit 1"
    },
    "keywords": [],
    "author": "",
    "license": "ISC"
  }

yarn manifest: 
  No manifest

Lockfile: 
  No lockfile
